% (484190)Running in auto input_syntax mode. Trying SMTLIB2
% Warning: check-sat is not the last entry. Skipping the rest!
% (484192)ott+10_3:2_aac=none:add=large:afp=10000:afq=2.0:amm=off:fsr=off:fde=none:gs=on:gsaa=from_current:gsem=off:lcm=reverse:lma=on:nm=0:nwc=4:sas=z3:updr=off_22 on query for (22ds/0Mi)
% (484194)dis+1011_5_aac=none:add=large:afp=40000:afq=1.2:amm=off:anc=none:bd=off:fsr=off:gsp=on:inw=on:irw=on:lma=on:nm=64:nwc=1:sas=z3:sos=on:sp=occurrence:tha=off:updr=off_26 on query for (26ds/0Mi)
% (484196)lrs-11_1_av=off:cond=on:gs=on:lcm=reverse:lma=on:lwlo=on:nm=16:nwc=5:stl=30:sp=reverse_arity:tha=off:thi=strong:uwa=interpreted_only_58 on query for (58ds/0Mi)
% (484193)ott+1_3:1_av=off:bd=off:fsr=off:fde=none:gs=on:inw=on:nm=2:nwc=1.5:sp=frequency:uwa=one_side_interpreted_22 on query for (22ds/0Mi)
% (484195)lrs+1_3_awrs=decay:awrsf=4:afp=10000:afq=1.0:amm=off:anc=none:bd=off:cond=on:fsr=off:fde=unused:gs=on:lwlo=on:nm=16:nwc=1:sas=z3:stl=30:ss=axioms:s2a=on:st=1.2:sos=theory:sp=frequency_29 on query for (29ds/0Mi)
% (484198)lrs+1_5:4_aac=none:add=off:afr=on:afp=4000:afq=1.2:amm=sco:anc=none:gsp=on:gs=on:irw=on:nm=64:newcnf=on:nwc=1.3:nicw=on:sas=z3:stl=30:sp=occurrence:tha=off_3 on query for (3ds/0Mi)
% (484197)dis-3_4_add=off:afp=40000:afq=1.1:amm=off:anc=none:bs=unit_only:cond=fast:fsr=off:gs=on:inw=on:lma=on:nm=64:nwc=1.5:nicw=on:sas=z3:sp=reverse_arity:tha=off:thf=on:uhcvi=on_13 on query for (13ds/0Mi)
% (484199)dis+1002_8:1_awrs=converge:awrsf=256:anc=all_dependent:br=off:fsr=off:fde=none:gs=on:gsaa=from_current:gsem=on:irw=on:nm=64:nwc=1:sas=z3:s2a=on:sp=frequency:thf=on:uwa=interpreted_only:urr=on_7 on query for (7ds/0Mi)
WARNING Broken Constraint: if lrs_weight_limit_only(on) has been set then saturation_algorithm(discount) is equal to lrs
% (484200)dis+1_3_add=large:afp=4000:afq=1.0:anc=none:gs=on:gsem=off:inw=on:lcm=reverse:lwlo=on:nm=64:nwc=1:sas=z3:sos=all:sac=on:thi=all:uwa=all:updr=off:uhcvi=on_12 on query for (12ds/0Mi)
% (484201)lrs+3_128_awrs=converge:awrsf=2:av=off:bs=on:cond=fast:fsr=off:fde=unused:gsp=on:irw=on:lma=on:nm=64:nwc=1.5:stl=30:sp=frequency:tha=some:updr=off_148 on query for (148ds/0Mi)
WARNING Broken Constraint: if lrs_weight_limit_only(on) has been set then saturation_algorithm(discount) is equal to lrs
% (484202)dis+11_6_add=large:afr=on:afp=100000:afq=1.2:amm=off:anc=none:cond=fast:gs=on:gsaa=from_current:gsem=off:irw=on:lma=on:lwlo=on:nm=64:nwc=1:sas=z3:sos=on:sp=occurrence:tha=off:thi=strong:updr=off_2 on query for (2ds/0Mi)
% (484204)dis+1010_2:3_add=off:afr=on:afp=10000:afq=1.1:anc=none:fsr=off:gs=on:gsem=off:nwc=1:sas=z3:sos=all:sac=on:sp=reverse_arity:tha=off_5 on query for (5ds/0Mi)
WARNING Broken Constraint: if lrs_weight_limit_only(on) has been set then saturation_algorithm(discount) is equal to lrs
% (484206)lrs+1_2:3_afr=on:afp=1000:afq=1.1:amm=sco:anc=none:fsr=off:fde=none:gs=on:gsaa=full_model:gsem=on:lma=on:nm=64:nwc=1.3:sas=z3:stl=30:sac=on:tha=off:uwa=one_side_interpreted:updr=off_9 on query for (9ds/0Mi)
% (484203)dis+10_3:2_afr=on:afp=1000:afq=1.2:bd=off:irw=on:lcm=predicate:lwlo=on:nm=0:newcnf=on:nwc=2:sos=on:tha=off:thf=on:urr=ec_only_11 on query for (11ds/0Mi)
% (484210)WARNING: option uwaf not known.
% (484208)lrs+1011_1_add=off:afp=100000:afq=1.0:anc=none:cond=on:gs=on:gsaa=from_current:gsem=on:inw=on:lma=on:nm=64:newcnf=on:nwc=1:sas=z3:stl=30:sos=on:sp=occurrence:tha=off:uwa=ground_3 on query for (3ds/0Mi)
% (484210)lrs-2_24_awrs=converge:awrsf=64:av=off:bd=off:bs=on:bsr=on:br=off:cond=on:fde=none:gsp=on:inw=on:lwlo=on:nm=6:nwc=4:stl=30:s2a=on:sos=all:sp=weighted_frequency:thf=on:uwa=one_side_interpreted:urr=on:updr=off:uhcvi=on:uwaf=on_21 on query for (21ds/0Mi)
% (484205)dis-10_4:1_aac=none:add=off:afp=1000:afq=1.4:amm=off:anc=none:cond=fast:ep=RSTC:gs=on:gsaa=from_current:gsem=on:inw=on:lma=on:nm=64:nwc=4:sas=z3:tha=off:thi=strong:uwa=interpreted_only:updr=off:uhcvi=on_6 on query for (6ds/0Mi)
% (484207)lrs+10_2_add=off:afr=on:afp=4000:afq=2.0:amm=off:anc=none:cond=fast:fsr=off:fde=unused:gs=on:gsaa=full_model:gsem=on:inw=on:nm=64:nwc=1:sas=z3:stl=30:sos=all:sp=occurrence:tha=off:thf=on:urr=on:updr=off:uhcvi=on_6 on query for (6ds/0Mi)
% (484212)dis-2_2:3_add=large:afp=40000:afq=1.4:amm=off:anc=none:gsp=on:gs=on:gsem=on:inw=on:lcm=reverse:lma=on:nm=2:nwc=1:nicw=on:sas=z3:sos=all:sp=reverse_arity:tha=off:urr=on_5 on query for (5ds/0Mi)
% (484209)dis+1010_4_add=off:afp=100000:afq=1.0:anc=none:fsr=off:gs=on:gsem=off:inw=on:irw=on:lma=on:nm=64:nwc=1:sas=z3:sos=on:sac=on:tha=off:thf=on_179 on query for (179ds/0Mi)
% (484213)dis+1_3:1_acc=on:afp=100000:afq=1.1:amm=off:anc=none:bd=off:cond=on:fsr=off:gs=on:inw=on:lma=on:nm=32:nwc=1:urr=on_2 on query for (2ds/0Mi)
% (484211)ott+10_8_add=large:afp=100000:afq=1.4:amm=sco:cond=fast:fsr=off:fde=none:lcm=predicate:lma=on:nm=32:nwc=1:sos=on:sac=on:tha=off:updr=off_29 on query for (29ds/0Mi)
WARNING Broken Constraint: if lrs_weight_limit_only(on) has been set then saturation_algorithm(discount) is equal to lrs
% (484215)dis+1010_24_aac=none:afr=on:anc=none:cond=on:fsr=off:gs=on:gsem=on:nm=6:nwc=1:sas=z3:sos=on:sp=reverse_arity:tha=off_9 on query for (9ds/0Mi)
% (484214)dis+1011_2:3_add=off:afr=on:afp=4000:afq=1.4:anc=none:bs=unit_only:fsr=off:gs=on:gsem=on:lwlo=on:nm=16:nwc=1.3:nicw=on:sas=z3:sac=on:tha=off_260 on query for (260ds/0Mi)
% (484217)lrs+1003_2_awrs=converge:awrsf=512:add=large:afp=10000:afq=1.1:amm=sco:anc=none:cond=fast:fde=unused:lma=on:nm=64:nwc=1.2:stl=30:s2a=on:sac=on:sp=reverse_arity:tha=some:thi=new:urr=on:updr=off_80 on query for (80ds/0Mi)
% (484218)ott+10_4_awrs=converge:awrsf=128:afp=100000:afq=1.4:amm=sco:anc=none:fsr=off:fde=unused:gs=on:gsaa=from_current:gsem=on:irw=on:nm=64:nwc=1:s2a=on:sac=on:sp=frequency:tha=off_3 on query for (3ds/0Mi)
WARNING Broken Constraint: if lrs_weight_limit_only(on) has been set then saturation_algorithm(discount) is equal to lrs
% (484216)dis+11_3_add=large:afr=on:afp=4000:afq=1.2:amm=off:anc=none:gs=on:gsem=on:lwlo=on:nm=64:nwc=1:sas=z3:sac=on:sp=reverse_arity:tha=off:thf=on:updr=off_92 on query for (92ds/0Mi)
% (484219)dis+10_6_afr=on:afp=1000:afq=1.2:anc=none:bsr=on:fsr=off:gs=on:lcm=reverse:nm=64:newcnf=on:nwc=1.7:sas=z3:tha=off_4 on query for (4ds/0Mi)
% (484220)lrs+10_8:1_aac=none:add=off:afr=on:afp=40000:afq=1.1:amm=off:anc=none:bd=off:cond=on:fsr=off:fde=none:gs=on:gsem=off:nm=0:nwc=1.2:sas=z3:stl=30:sos=all:sp=reverse_arity:tha=off:updr=off_68 on query for (68ds/0Mi)
WARNING Broken Constraint: if lrs_weight_limit_only(on) has been set then saturation_algorithm(discount) is equal to lrs
% (484224)WARNING: option uwaf not known.
% (484221)dis+1002_4_add=off:afp=10000:afq=2.0:amm=off:anc=none:fsr=off:gsp=on:gs=on:gsem=on:irw=on:lwlo=on:nm=2:newcnf=on:nwc=1:sos=on:sac=on:sp=occurrence:tha=off:updr=off_2 on query for (2ds/0Mi)
% (484225)dis+11_3_afp=100000:afq=2.0:amm=sco:anc=none:gs=on:gsem=off:inw=on:lma=on:nm=64:nwc=1:sas=z3:sd=10:ss=axioms:st=5.0:sp=occurrence:tha=off:updr=off_202 on query for (202ds/0Mi)
% (484222)lrs-11_3:1_awrs=converge:awrsf=1:av=off:bce=on:cond=fast:fde=none:gs=on:gsem=off:lwlo=on:nm=16:newcnf=on:nwc=2:stl=90:s2a=on:sos=theory:sp=weighted_frequency:tha=some:uwa=one_side_constant:urr=on:updr=off:uhcvi=on_234 on query for (234ds/0Mi)
% (484223)dis-1_2:1_afr=on:afp=10000:afq=2.0:anc=none:cond=on:fsr=off:fde=unused:gs=on:gsaa=full_model:gsem=on:inw=on:irw=on:lcm=predicate:lma=on:nm=32:nwc=1:sas=z3:sos=all:sp=reverse_arity:tha=off:uwa=ground_4 on query for (4ds/0Mi)
% (484224)lrs+10_4:1_av=off:bd=off:bsr=on:cond=on:fde=unused:inw=on:lcm=reverse:lma=on:lwlo=on:nm=64:nwc=5:stl=90:sp=reverse_arity:thi=strong:uwa=ground:updr=off:uwaf=on_359 on query for (359ds/0Mi)
% (484228)lrs+1011_7_aac=none:add=large:afr=on:afp=40000:afq=1.4:bd=off:bs=on:bsr=on:fsr=off:inw=on:lma=on:nm=64:nwc=2:nicw=on:sas=z3:stl=60:sos=all:sp=reverse_arity:tha=off:updr=off:uhcvi=on_541 on query for (541ds/0Mi)
% (484226)lrs-11_4_awrs=decay:awrsf=64:afp=1000:afq=2.0:amm=off:anc=none:br=off:cond=on:fsr=off:fde=unused:gs=on:gsaa=from_current:gsem=off:irw=on:lma=on:nm=32:nwc=1.1:stl=30:s2a=on:sos=theory:sac=on:sp=frequency:tha=some:thi=new:urr=on:uhcvi=on_6 on query for (6ds/0Mi)
% (484227)ott+1004_5_av=off:bd=off:bs=on:cond=on:fde=none:lma=on:nm=64:nwc=1:sos=on:sp=reverse_arity:tha=off:thi=strong:uwa=one_side_constant_143 on query for (143ds/0Mi)
% (484233)dis+1011_2_acc=on:afp=10000:afq=1.1:amm=sco:anc=none:ccuc=small_ones:cond=fast:fde=unused:lma=on:nm=64:newcnf=on:nwc=1:sac=on:sp=reverse_arity:tha=off:updr=off:uhcvi=on_300 on query for (300ds/0Mi)
% (484230)ott+1010_2:1_acc=on:add=large:afr=on:afp=40000:afq=1.1:anc=none:gs=on:inw=on:ile=on:nm=64:newcnf=on:nwc=1:sos=on:sac=on:sp=reverse_arity:urr=on_300 on query for (300ds/0Mi)
% (484229)lrs+1011_2:1_afr=on:afp=10000:afq=2.0:amm=off:gsp=on:gs=on:inw=on:ile=on:nm=2:nwc=1:sas=z3:tha=off_300 on query for (300ds/0Mi)
% (484234)ott+11_5:4_aac=none:add=large:afp=4000:afq=1.4:amm=sco:anc=none:cond=fast:fde=none:gs=on:gsem=on:inw=on:ile=on:nm=2:newcnf=on:nwc=1:sas=z3:sos=on:sp=reverse_arity:urr=on:uhcvi=on_300 on query for (300ds/0Mi)
% (484231)dis+2_1_add=large:afr=on:afp=1000:afq=1.2:anc=none:cond=on:nm=64:newcnf=on:nwc=1:tha=off:updr=off_300 on query for (300ds/0Mi)
% (484235)dis+10_14_add=large:afp=4000:afq=1.1:amm=sco:bs=unit_only:bsr=on:cond=fast:fde=none:inw=on:irw=on:lcm=predicate:nm=4:nwc=1.1:sos=on:sac=on:updr=off:uhcvi=on_300 on query for (300ds/0Mi)
% (484232)ott+10_4:1_aac=none:add=off:afp=40000:afq=1.1:amm=sco:anc=none:bd=off:gs=on:gsem=off:ile=on:nm=64:newcnf=on:nwc=1:nicw=on:sas=z3:sp=reverse_arity:tha=off:updr=off_300 on query for (300ds/0Mi)
% (484238)dis+1011_5:1_afp=4000:afq=1.4:amm=off:anc=none:cond=on:fde=unused:gsp=on:ile=on:lma=on:nm=16:nwc=1:sos=on:sac=on:tha=off:urr=ec_only:uhcvi=on_300 on query for (300ds/0Mi)
% (484236)dis+1002_5:4_add=off:afr=on:afp=100000:afq=2.0:amm=off:anc=none:bd=off:fsr=off:inw=on:ile=on:nm=64:newcnf=on:nwc=1:sas=z3:tha=off:updr=off_300 on query for (300ds/0Mi)
% (484241)lrs+1011_8:1_add=off:afp=10000:afq=1.0:amm=sco:anc=none:cond=on:fsr=off:gs=on:gsem=off:ile=on:irw=on:nm=2:nwc=1:sas=z3:sp=reverse_arity:tha=off:urr=on:updr=off_300 on query for (300ds/0Mi)
% (484237)lrs+11_5:1_add=off:afp=100000:afq=1.1:amm=off:anc=none:bd=off:cond=on:er=known:gs=on:gsem=off:inw=on:ile=on:irw=on:lcm=predicate:lwlo=on:nm=64:newcnf=on:nwc=1.1:sac=on:sp=reverse_arity:tha=off:thf=on_300 on query for (300ds/0Mi)
% (484240)dis+1002_2_aac=none:add=off:afr=on:afp=100000:afq=1.2:amm=sco:anc=all:bsr=on:fde=unused:inw=on:ile=on:lcm=reverse:nm=4:nwc=4:nicw=on:sos=theory:sac=on:sp=reverse_arity:uhcvi=on_300 on query for (300ds/0Mi)
% (484239)dis+1010_1_add=off:afp=10000:afq=1.1:amm=sco:anc=none:bd=off:gs=on:gsem=off:inw=on:ile=on:irw=on:nm=6:nwc=1.3:nicw=on:sas=z3:tha=off:urr=ec_only_300 on query for (300ds/0Mi)
% (484243)lrs+1011_3_add=off:afp=1000:afq=2.0:amm=off:anc=none:bsr=on:bce=on:cond=fast:fde=unused:ile=on:lma=on:nm=6:nwc=2:nicw=on:sas=z3:sd=3:ss=axioms:st=2.0:sp=reverse_arity:tha=off_300 on query for (300ds/0Mi)
WARNING Broken Constraint: if sat_solver(z3) has been set then avatar(off) is equal to on
% (484245)dis+11_3:1_av=off:br=off:ep=R:fsr=off:gsp=on:ile=on:lma=on:nm=2:newcnf=on:nwc=1:sas=z3:sp=reverse_arity:urr=on:uhcvi=on_300 on query for (300ds/0Mi)
% (484242)ott+1002_3:1_av=off:bsr=on:ep=RS:inw=on:ile=on:lma=on:nm=64:newcnf=on:nwc=1:sp=occurrence:tha=off:updr=off:uhcvi=on_300 on query for (300ds/0Mi)
% (484244)ott+1011_3:2_av=off:bd=off:bs=on:bce=on:cond=on:fde=unused:ile=on:lma=on:newcnf=on:nwc=1:tha=off:updr=off_300 on query for (300ds/0Mi)
% (484247)dis+1010_2_acc=on:afr=on:afp=100000:afq=1.2:anc=none:bsr=on:fsr=off:ile=on:irw=on:nm=16:newcnf=on:nwc=4:sp=occurrence:tha=off:urr=ec_only_300 on query for (300ds/0Mi)
% (484246)lrs-2_8:1_add=large:afp=100000:afq=1.4:amm=sco:anc=none:bs=on:bsr=on:cond=fast:fsr=off:fde=none:gs=on:gsaa=from_current:gsem=on:ile=on:irw=on:lma=on:nm=64:newcnf=on:nwc=4:nicw=on:sas=z3:sp=reverse_arity:updr=off_600 on query for (598ds/0Mi)
% (484249)lrs+1002_2_add=large:afr=on:afp=40000:afq=2.0:amm=sco:anc=none:inw=on:lwlo=on:nm=32:newcnf=on:nwc=1:sos=theory:sac=on:sp=occurrence:urr=on_300 on query for (300ds/0Mi)
WARNING Broken Constraint: if sat_solver(z3) has been set then avatar(off) is equal to on
% (484250)lrs-10_3_av=off:bs=unit_only:bsr=on:cond=on:fsr=off:fde=unused:gs=on:inw=on:irw=on:lma=on:nm=64:newcnf=on:nwc=1.2:sas=z3:tha=off:urr=ec_only_300 on query for (300ds/0Mi)
% (484248)ott+1010_1_add=large:afp=1000:afq=1.2:anc=none:bd=off:ile=on:nm=2:newcnf=on:nwc=1:sp=occurrence:updr=off_300 on query for (300ds/0Mi)
WARNING Broken Constraint: if lrs_weight_limit_only(on) has been set then saturation_algorithm(discount) is equal to lrs
% (484251)dis+10_3_add=off:afp=100000:afq=1.4:amm=sco:anc=none:fsr=off:gs=on:gsem=on:inw=on:ile=on:lma=on:lwlo=on:nm=64:nwc=1:sas=z3:sp=reverse_arity:tha=off:thf=on:updr=off_300 on query for (300ds/0Mi)
% (484202)Time limit reached!
% (484202)------------------------------
% (484202)Version: Vampire 4.7 (commit 522223da0 on 2022-12-17 10:56:52 +0100)
% (484202)Linked with Z3 4.9.1.0 6ed071b44407cf6623b8d3c0dceb2a8fb7040cee z3-4.8.4-6427-g6ed071b44
% (484202)Termination reason: Time limit
% (484202)Termination phase: Property scanning

% (484202)Memory used [KB]: 64604
% (484202)Time elapsed: 0.300 s
% (484202)------------------------------
% (484202)------------------------------
% (484213)Time limit reached!
% (484213)------------------------------
% (484213)Version: Vampire 4.7 (commit 522223da0 on 2022-12-17 10:56:52 +0100)
% (484213)Linked with Z3 4.9.1.0 6ed071b44407cf6623b8d3c0dceb2a8fb7040cee z3-4.8.4-6427-g6ed071b44
% (484213)Termination reason: Time limit
% (484213)Termination phase: Property scanning

% (484213)Memory used [KB]: 63197
% (484213)Time elapsed: 0.300 s
% (484213)------------------------------
% (484213)------------------------------
WARNING: the modes full & new are deprecated for theory instantiation. using all instead.
% (484221)Time limit reached!
% (484221)------------------------------
% (484221)Version: Vampire 4.7 (commit 522223da0 on 2022-12-17 10:56:52 +0100)
% (484221)Linked with Z3 4.9.1.0 6ed071b44407cf6623b8d3c0dceb2a8fb7040cee z3-4.8.4-6427-g6ed071b44
% (484221)Termination reason: Time limit
% (484221)Termination phase: General splitting

% (484221)Memory used [KB]: 58080
% (484221)Time elapsed: 0.300 s
% (484221)------------------------------
% (484221)------------------------------
% (484252)lrs+2_4_add=large:afr=on:afp=100000:afq=1.1:amm=sco:anc=none:cond=on:ep=R:gs=on:gsaa=from_current:gsem=off:ile=on:lcm=reverse:lma=on:nm=2:nwc=1.1:sos=on:sac=on:tha=off:updr=off_300 on query for (300ds/0Mi)
% (484253)lrs+2_1024_av=off:bd=off:bsr=on:cond=fast:fsr=off:fde=none:ile=on:irw=on:lcm=reverse:nm=64:newcnf=on:nwc=1:tha=off:thi=overlap:uwa=one_side_constant:updr=off:uhcvi=on_300 on query for (300ds/0Mi)
% (484254)ott+1011_8:1_afr=on:afp=1000:afq=1.4:amm=sco:anc=none:bd=off:fsr=off:fde=unused:inw=on:ile=on:nm=2:nwc=1:nicw=on:sas=z3:sos=theory:sp=reverse_arity:urr=ec_only:updr=off:uhcvi=on_600 on query for (594ds/0Mi)
WARNING: the modes full & new are deprecated for theory instantiation. using all instead.
% (484198)Time limit reached!
% (484198)------------------------------
% (484198)Version: Vampire 4.7 (commit 522223da0 on 2022-12-17 10:56:52 +0100)
% (484198)Linked with Z3 4.9.1.0 6ed071b44407cf6623b8d3c0dceb2a8fb7040cee z3-4.8.4-6427-g6ed071b44
% (484198)Termination reason: Time limit
% (484198)Termination phase: Property scanning

% (484198)Memory used [KB]: 83793
% (484198)Time elapsed: 0.400 s
% (484198)------------------------------
% (484198)------------------------------
% (484208)Time limit reached!
% (484208)------------------------------
% (484208)Version: Vampire 4.7 (commit 522223da0 on 2022-12-17 10:56:52 +0100)
% (484208)Linked with Z3 4.9.1.0 6ed071b44407cf6623b8d3c0dceb2a8fb7040cee z3-4.8.4-6427-g6ed071b44
% (484208)Termination reason: Time limit
% (484208)Termination phase: Property scanning

% (484208)Memory used [KB]: 83793
% (484208)Time elapsed: 0.400 s
% (484208)------------------------------
% (484208)------------------------------
% (484218)Time limit reached!
% (484218)------------------------------
% (484218)Version: Vampire 4.7 (commit 522223da0 on 2022-12-17 10:56:52 +0100)
% (484218)Linked with Z3 4.9.1.0 6ed071b44407cf6623b8d3c0dceb2a8fb7040cee z3-4.8.4-6427-g6ed071b44
% (484218)Termination reason: Time limit
% (484218)Termination phase: Saturation

% (484218)Memory used [KB]: 74327
% (484218)Time elapsed: 0.400 s
% (484218)------------------------------
% (484218)------------------------------
% (484255)lrs+10_2:3_afr=on:afp=1000:afq=1.1:bd=off:bce=on:cond=on:gsp=on:gs=on:gsaa=from_current:inw=on:lcm=reverse:nm=64:newcnf=on:nwc=1:sas=z3:sp=reverse_arity:tha=off:uwa=interpreted_only:updr=off:uhcvi=on_300 on query for (300ds/0Mi)
% (484256)dis+10_32_add=large:afp=40000:afq=1.0:anc=none:bd=off:bsr=on:fde=none:lma=on:nm=0:newcnf=on:nwc=1:nicw=on:sp=occurrence:tha=off:thi=full:uhcvi=on_300 on query for (300ds/0Mi)
% (484257)ott+1010_2:1_add=off:afr=on:afp=1000:afq=2.0:amm=off:anc=none:bsr=on:cond=on:ile=on:nm=64:newcnf=on:nwc=1:sd=2:ss=axioms:st=1.5:sac=on:tha=off:updr=off_300 on query for (300ds/0Mi)
% (484219)Time limit reached!
% (484219)------------------------------
% (484219)Version: Vampire 4.7 (commit 522223da0 on 2022-12-17 10:56:52 +0100)
% (484219)Linked with Z3 4.9.1.0 6ed071b44407cf6623b8d3c0dceb2a8fb7040cee z3-4.8.4-6427-g6ed071b44
% (484219)Termination reason: Time limit
% (484219)Termination phase: Property scanning

% (484219)Memory used [KB]: 83793
% (484219)Time elapsed: 0.500 s
% (484219)------------------------------
% (484219)------------------------------
% (484223)Time limit reached!
% (484223)------------------------------
% (484223)Version: Vampire 4.7 (commit 522223da0 on 2022-12-17 10:56:52 +0100)
% (484223)Linked with Z3 4.9.1.0 6ed071b44407cf6623b8d3c0dceb2a8fb7040cee z3-4.8.4-6427-g6ed071b44
% (484223)Termination reason: Time limit
% (484223)Termination phase: Saturation

% (484223)Memory used [KB]: 88783
% (484223)Time elapsed: 0.500 s
% (484223)------------------------------
% (484223)------------------------------
% (484258)lrs-11_2:1_add=off:afr=on:afp=10000:afq=2.0:amm=sco:anc=none:inw=on:ile=on:irw=on:lcm=reverse:lma=on:nm=64:nwc=1.5:sas=z3:sp=reverse_arity:urr=on_300 on query for (300ds/0Mi)
% (484259)dis+11_7_add=large:afr=on:afp=10000:afq=1.2:bd=off:bsr=on:cond=on:fsr=off:fde=unused:gs=on:ile=on:lcm=predicate:lma=on:nm=2:newcnf=on:nwc=3:sos=on:sp=reverse_arity:tha=off:updr=off_300 on query for (300ds/0Mi)
% (484204)Time limit reached!
% (484204)------------------------------
% (484204)Version: Vampire 4.7 (commit 522223da0 on 2022-12-17 10:56:52 +0100)
% (484204)Linked with Z3 4.9.1.0 6ed071b44407cf6623b8d3c0dceb2a8fb7040cee z3-4.8.4-6427-g6ed071b44
% (484204)Termination reason: Time limit
% (484204)Termination phase: Saturation

% (484204)Memory used [KB]: 102343
% (484204)Time elapsed: 0.600 s
% (484204)------------------------------
% (484204)------------------------------
% (484212)Time limit reached!
% (484212)------------------------------
% (484212)Version: Vampire 4.7 (commit 522223da0 on 2022-12-17 10:56:52 +0100)
% (484212)Linked with Z3 4.9.1.0 6ed071b44407cf6623b8d3c0dceb2a8fb7040cee z3-4.8.4-6427-g6ed071b44
% (484212)Termination reason: Time limit
% (484212)Termination phase: Saturation

% (484212)Memory used [KB]: 94923
% (484212)Time elapsed: 0.600 s
% (484212)------------------------------
% (484212)------------------------------
% (484260)dis+1011_1_afp=40000:afq=1.2:anc=none:cond=on:gsp=on:ile=on:irw=on:lma=on:newcnf=on:nwc=1:sac=on:sp=occurrence:tha=off:updr=off_300 on query for (300ds/0Mi)
% (484261)lrs+10_3_av=off:fde=unused:gs=on:gsem=on:inw=on:ile=on:lma=on:lwlo=on:nm=64:nwc=1.7:sp=reverse_arity:tha=off:urr=on:updr=off:uhcvi=on_600 on query for (591ds/0Mi)
% (484205)Time limit reached!
% (484205)------------------------------
% (484205)Version: Vampire 4.7 (commit 522223da0 on 2022-12-17 10:56:52 +0100)
% (484205)Linked with Z3 4.9.1.0 6ed071b44407cf6623b8d3c0dceb2a8fb7040cee z3-4.8.4-6427-g6ed071b44
% (484205)Termination reason: Time limit
% (484205)Termination phase: Saturation

% (484205)Memory used [KB]: 97866
% (484205)Time elapsed: 0.700 s
% (484205)------------------------------
% (484205)------------------------------
% (484207)Time limit reached!
% (484207)------------------------------
% (484207)Version: Vampire 4.7 (commit 522223da0 on 2022-12-17 10:56:52 +0100)
% (484207)Linked with Z3 4.9.1.0 6ed071b44407cf6623b8d3c0dceb2a8fb7040cee z3-4.8.4-6427-g6ed071b44
% (484207)Termination reason: Time limit
% (484207)Termination phase: Saturation

% (484207)Memory used [KB]: 89934
% (484207)Time elapsed: 0.700 s
% (484207)------------------------------
% (484207)------------------------------
% (484226)Time limit reached!
% (484226)------------------------------
% (484226)Version: Vampire 4.7 (commit 522223da0 on 2022-12-17 10:56:52 +0100)
% (484226)Linked with Z3 4.9.1.0 6ed071b44407cf6623b8d3c0dceb2a8fb7040cee z3-4.8.4-6427-g6ed071b44
% (484226)Termination reason: Time limit
% (484226)Termination phase: Saturation

% (484226)Memory used [KB]: 82514
% (484226)Time elapsed: 0.700 s
% (484226)------------------------------
% (484226)------------------------------
% (484262)lrs+11_2:1_add=off:anc=none:bsr=on:br=off:cond=on:er=filter:fsr=off:gs=on:gsem=on:inw=on:ile=on:lma=on:nm=2:nwc=1:sas=z3:sos=all:sac=on:uwa=ground:urr=on_300 on query for (300ds/0Mi)
% (484263)lrs+1003_3:2_afp=1000:afq=2.0:amm=off:anc=none:cond=on:gs=on:ile=on:lma=on:nm=6:newcnf=on:nwc=1:sas=z3:sp=occurrence:tha=off:thi=all:updr=off_300 on query for (300ds/0Mi)
% (484264)lrs+4_8:1_av=off:cond=on:gs=on:gsem=on:irw=on:nm=64:newcnf=on:nwc=1.1:sp=occurrence:tha=off:urr=on:updr=off_300 on query for (300ds/0Mi)
% (484199)Time limit reached!
% (484199)------------------------------
% (484199)Version: Vampire 4.7 (commit 522223da0 on 2022-12-17 10:56:52 +0100)
% (484199)Linked with Z3 4.9.1.0 6ed071b44407cf6623b8d3c0dceb2a8fb7040cee z3-4.8.4-6427-g6ed071b44
% (484199)Termination reason: Time limit
% (484199)Termination phase: Saturation

% (484199)Memory used [KB]: 79444
% (484199)Time elapsed: 0.800 s
% (484199)------------------------------
% (484199)------------------------------
% (484265)ott-4_5:4_aac=none:afr=on:afp=100000:afq=1.2:amm=sco:anc=none:bd=off:bsr=on:br=off:cond=fast:ile=on:irw=on:lcm=reverse:lma=on:nm=64:newcnf=on:nwc=3:thf=on:urr=on:updr=off:uhcvi=on_300 on query for (300ds/0Mi)
% (484215)Time limit reached!
% (484215)------------------------------
% (484215)Version: Vampire 4.7 (commit 522223da0 on 2022-12-17 10:56:52 +0100)
% (484215)Linked with Z3 4.9.1.0 6ed071b44407cf6623b8d3c0dceb2a8fb7040cee z3-4.8.4-6427-g6ed071b44
% (484215)Termination reason: Time limit
% (484215)Termination phase: Saturation

% (484215)Memory used [KB]: 108100
% (484215)Time elapsed: 1.0000 s
% (484215)------------------------------
% (484215)------------------------------
WARNING Broken Constraint: if lrs_weight_limit_only(on) has been set then saturation_algorithm(discount) is equal to lrs
% (484266)dis+1011_3_afr=on:afp=4000:afq=2.0:amm=sco:anc=none:cond=fast:fde=none:gs=on:gsem=off:ile=on:lma=on:lwlo=on:nm=4:nwc=1:sac=on:tha=off:updr=off:uhcvi=on_300 on query for (300ds/0Mi)
% (484206)Time limit reached!
% (484206)------------------------------
% (484206)Version: Vampire 4.7 (commit 522223da0 on 2022-12-17 10:56:52 +0100)
% (484206)Linked with Z3 4.9.1.0 6ed071b44407cf6623b8d3c0dceb2a8fb7040cee z3-4.8.4-6427-g6ed071b44
% (484206)Termination reason: Time limit
% (484206)Termination phase: Saturation

% (484206)Memory used [KB]: 82258
% (484206)Time elapsed: 1.0000 s
% (484206)------------------------------
% (484206)------------------------------
% (484267)lrs+1011_2:1_av=off:fsr=off:gs=on:gsem=off:inw=on:ile=on:lma=on:lwlo=on:nm=64:nwc=1:sp=occurrence:tha=off:urr=ec_only:uhcvi=on_300 on query for (300ds/0Mi)
% (484203)Time limit reached!
% (484203)------------------------------
% (484203)Version: Vampire 4.7 (commit 522223da0 on 2022-12-17 10:56:52 +0100)
% (484203)Linked with Z3 4.9.1.0 6ed071b44407cf6623b8d3c0dceb2a8fb7040cee z3-4.8.4-6427-g6ed071b44
% (484203)Termination reason: Time limit
% (484203)Termination phase: NewCNF

% (484203)Memory used [KB]: 298332
% (484203)Time elapsed: 1.200 s
% (484203)------------------------------
% (484203)------------------------------
% (484268)dis+1011_4_afr=on:afp=10000:afq=1.1:amm=off:anc=none:ep=RS:fsr=off:ile=on:nm=64:newcnf=on:nwc=1:sos=all:sac=on:updr=off:uhcvi=on_300 on query for (300ds/0Mi)
% (484200)Time limit reached!
% (484200)------------------------------
% (484200)Version: Vampire 4.7 (commit 522223da0 on 2022-12-17 10:56:52 +0100)
% (484200)Linked with Z3 4.9.1.0 6ed071b44407cf6623b8d3c0dceb2a8fb7040cee z3-4.8.4-6427-g6ed071b44
% (484200)Termination reason: Time limit
% (484200)Termination phase: Saturation

% (484200)Memory used [KB]: 168483
% (484200)Time elapsed: 1.300 s
% (484200)------------------------------
% (484200)------------------------------
% (484269)lrs+1010_1_afp=1000:afq=1.4:amm=off:anc=none:bd=off:bsr=on:br=off:cond=on:ile=on:irw=on:nm=2:nwc=1:nicw=on:sas=z3:sos=all:sp=reverse_arity:tha=off:urr=on:updr=off_300 on query for (300ds/0Mi)
% (484197)Time limit reached!
% (484197)------------------------------
% (484197)Version: Vampire 4.7 (commit 522223da0 on 2022-12-17 10:56:52 +0100)
% (484197)Linked with Z3 4.9.1.0 6ed071b44407cf6623b8d3c0dceb2a8fb7040cee z3-4.8.4-6427-g6ed071b44
% (484197)Termination reason: Time limit
% (484197)Termination phase: Saturation

% (484197)Memory used [KB]: 95819
% (484197)Time elapsed: 1.400 s
% (484197)------------------------------
% (484197)------------------------------
% (484270)lrs+10_24_afp=4000:afq=2.0:bd=off:bsr=on:bce=on:cond=fast:fsr=off:gsp=on:gs=on:gsem=on:inw=on:ile=on:nwc=1.3:sp=occurrence:tha=off:uwa=one_side_constant:urr=ec_only_300 on query for (300ds/0Mi)
% (484210)Time limit reached!
% (484210)------------------------------
% (484210)Version: Vampire 4.7 (commit 522223da0 on 2022-12-17 10:56:52 +0100)
% (484210)Linked with Z3 4.9.1.0 6ed071b44407cf6623b8d3c0dceb2a8fb7040cee z3-4.8.4-6427-g6ed071b44
% (484210)Termination reason: Time limit
% (484210)Termination phase: Saturation

% (484210)Memory used [KB]: 175775
% (484210)Time elapsed: 2.200 s
% (484271)lrs-2_5:1_acc=on:add=off:afr=on:afp=40000:afq=1.1:amm=off:anc=none:bd=off:cond=fast:gs=on:ile=on:nm=0:newcnf=on:nwc=3:sac=on:thf=on:urr=ec_only_300 on query for (300ds/0Mi)
% (484192)Time limit reached!
% (484192)------------------------------
% (484192)Version: Vampire 4.7 (commit 522223da0 on 2022-12-17 10:56:52 +0100)
% (484192)Linked with Z3 4.9.1.0 6ed071b44407cf6623b8d3c0dceb2a8fb7040cee z3-4.8.4-6427-g6ed071b44
% (484192)Termination reason: Time limit
% (484192)Termination phase: Clausification

% (484192)Memory used [KB]: 4215027
% (484192)Time elapsed: 2.300 s
% (484192)------------------------------
% (484192)------------------------------
% (484193)Time limit reached!
% (484193)------------------------------
% (484193)Version: Vampire 4.7 (commit 522223da0 on 2022-12-17 10:56:52 +0100)
% (484193)Linked with Z3 4.9.1.0 6ed071b44407cf6623b8d3c0dceb2a8fb7040cee z3-4.8.4-6427-g6ed071b44
% (484193)Termination reason: Time limit
% (484193)Termination phase: Saturation

% (484193)Memory used [KB]: 153387
% (484193)Time elapsed: 2.300 s
% (484193)------------------------------
% (484193)------------------------------
% (484272)lrs+1_5:1_add=off:afr=on:afp=40000:afq=2.0:amm=off:anc=none:cond=on:gs=on:gsem=off:ile=on:lma=on:nm=64:nwc=1.2:sp=reverse_arity_300 on query for (300ds/0Mi)
% (484273)lrs+1010_1_add=large:afr=on:afp=40000:afq=2.0:anc=none:br=off:fsr=off:inw=on:irw=on:lma=on:lwlo=on:nm=64:newcnf=on:nwc=1:sos=all:urr=on_300 on query for (300ds/0Mi)
% (484194)Time limit reached!
% (484194)------------------------------
% (484194)Version: Vampire 4.7 (commit 522223da0 on 2022-12-17 10:56:52 +0100)
% (484194)Linked with Z3 4.9.1.0 6ed071b44407cf6623b8d3c0dceb2a8fb7040cee z3-4.8.4-6427-g6ed071b44
% (484194)Termination reason: Time limit
% (484194)Termination phase: Saturation

% (484194)Memory used [KB]: 70873
% (484194)Time elapsed: 2.700 s
% (484194)------------------------------
% (484194)------------------------------
% (484274)lrs+1011_2:1_aac=none:add=off:afp=1000:afq=1.0:amm=off:bs=on:gs=on:gsaa=from_current:gsem=on:ile=on:lcm=reverse:lma=on:nm=2:newcnf=on:nwc=1:nicw=on:sas=z3:sp=reverse_arity:tha=off_300 on query for (300ds/0Mi)
% (484195)Time limit reached!
% (484195)------------------------------
% (484195)Version: Vampire 4.7 (commit 522223da0 on 2022-12-17 10:56:52 +0100)
% (484195)Linked with Z3 4.9.1.0 6ed071b44407cf6623b8d3c0dceb2a8fb7040cee z3-4.8.4-6427-g6ed071b44
% (484195)Termination reason: Time limit
% (484195)Termination phase: Saturation

% (484195)Memory used [KB]: 87248
% (484195)Time elapsed: 3.0000 s
% (484195)------------------------------
% (484195)------------------------------
% (484211)Time limit reached!
% (484211)------------------------------
% (484211)Version: Vampire 4.7 (commit 522223da0 on 2022-12-17 10:56:52 +0100)
% (484211)Linked with Z3 4.9.1.0 6ed071b44407cf6623b8d3c0dceb2a8fb7040cee z3-4.8.4-6427-g6ed071b44
% (484211)Termination reason: Time limit
% (484211)Termination phase: Saturation

% (484211)Memory used [KB]: 97738
% (484211)Time elapsed: 3.0000 s
% (484211)------------------------------
% (484211)------------------------------
% (484275)dis+1010_2_add=off:afr=on:afp=40000:afq=2.0:amm=sco:anc=none:bd=off:fsr=off:fde=none:ile=on:lcm=reverse:lma=on:nm=64:nwc=1:nicw=on:sas=z3:sp=reverse_arity_300 on query for (300ds/0Mi)
% (484276)ott+1011_3:1_add=off:afp=100000:afq=2.0:amm=off:anc=none:bs=unit_only:gs=on:gsem=on:irw=on:newcnf=on:nwc=1:sas=z3:tha=off_300 on query for (300ds/0Mi)
% (484266)First to succeed.
% (484266)Refutation found. Thanks to Tanya!
% SZS status Unsatisfiable for query
% SZS output start Proof for query
40. ! [X0 : 'Term()',X1 : 'Term()'] : ('HasType'(X0,X1) => 'Valid'(X1)) [input]
108. 'Tm_type' = 'Prims.logical' [input]
116. 'HasType'('Prims.l_False','Prims.logical') [input]
118. $false <=> 'Valid'('Prims.l_False') [input]
653. ! [X0 : 'Term()',X2 : 'Term()',X1 : 'Term()'] : (('HasType'(X0,'Tm_type') & 'HasType'(X1,'Tm_type') & 'HasType'(X2,X0)) => 'HasType'('Prims.unsafe_coerce'(X0,X1,X2),X1)) [input]
2500. 'HasType'('FStar.Pervasives.ex_pre','Tm_type') [input]
2501. 'Tm_type' = 'FStar.Pervasives.ex_pre' [input]
3266. 'HasType'('Tm_arrow_b71b847c8a1dce9fbabbfc40fd470d89','Tm_type') [input]
5818. ! [X0 : 'Term()',X1 : 'Term()',X2 : 'Term()'] : (('HasType'(X0,'Tm_type') & 'HasType'(X2,'Tm_type') & 'HasType'(X1,X0)) => 'HasType'('Prims.unsafe_coerce'(X0,X2,X1),X2)) [rectify 653]
5978. ~'Valid'('Prims.l_False') [true and false elimination 118]
5979. ~'Valid'('Prims.l_False') [flattening 5978]
7429. ! [X0 : 'Term()',X1 : 'Term()',X2 : 'Term()'] : ('HasType'('Prims.unsafe_coerce'(X0,X2,X1),X2) | (~'HasType'(X0,'Tm_type') | ~'HasType'(X2,'Tm_type') | ~'HasType'(X1,X0))) [ennf transformation 5818]
7430. ! [X0 : 'Term()',X1 : 'Term()',X2 : 'Term()'] : ('HasType'('Prims.unsafe_coerce'(X0,X2,X1),X2) | ~'HasType'(X0,'Tm_type') | ~'HasType'(X2,'Tm_type') | ~'HasType'(X1,X0)) [flattening 7429]
7708. ! [X0 : 'Term()',X1 : 'Term()'] : ('Valid'(X1) | ~'HasType'(X0,X1)) [ennf transformation 40]
19549. 'HasType'('Tm_arrow_b71b847c8a1dce9fbabbfc40fd470d89','Tm_type') [cnf transformation 3266]
21604. 'Tm_type' = 'FStar.Pervasives.ex_pre' [cnf transformation 2501]
21605. 'HasType'('FStar.Pervasives.ex_pre','Tm_type') [cnf transformation 2500]
39540. 'HasType'('Prims.unsafe_coerce'(X0,X2,X1),X2) | ~'HasType'(X0,'Tm_type') | ~'HasType'(X2,'Tm_type') | ~'HasType'(X1,X0) [cnf transformation 7430]
40781. ~'Valid'('Prims.l_False') [cnf transformation 5979]
40783. 'HasType'('Prims.l_False','Prims.logical') [cnf transformation 116]
40791. 'Tm_type' = 'Prims.logical' [cnf transformation 108]
40879. 'Valid'(X1) | ~'HasType'(X0,X1) [cnf transformation 7708]
41001. 'HasType'('Tm_type','Tm_type') [forward demodulation 21605,21604]
41014. 'HasType'('Prims.l_False','Tm_type') [backward demodulation 40783,40791]
41033. ~'HasType'(X0,'Prims.l_False') [resolution 40879,40781]
78732. ~'HasType'(X20,'Tm_type') | ~'HasType'('Prims.l_False','Tm_type') | ~'HasType'(X21,X20) [resolution 39540,41033]
78791. ~'HasType'(X20,'Tm_type') | ~'HasType'(X21,X20) [subsumption resolution 78732,41014]
78795. ~'HasType'(X33,'Tm_type') | ~'HasType'(X34,X33) [global subsumption 78791]
78797. ~'HasType'(X35,'Tm_type') | ~'HasType'(X36,X35) [global subsumption 78795]
78798. ~'HasType'(X40,'Tm_type') | ~'HasType'(X41,X40) [global subsumption 78797]
78865. ~'HasType'(X5,'Tm_type') [resolution 78798,41001]
79770. $false [resolution 78865,19549]
% SZS output end Proof for query
% (484266)------------------------------
% (484266)Version: Vampire 4.7 (commit 522223da0 on 2022-12-17 10:56:52 +0100)
% (484266)Linked with Z3 4.9.1.0 6ed071b44407cf6623b8d3c0dceb2a8fb7040cee z3-4.8.4-6427-g6ed071b44
% (484266)Termination reason: Refutation

% (484266)Memory used [KB]: 297692
% (484266)Time elapsed: 4.058 s
% (484266)------------------------------
% (484266)------------------------------
% (484190)Success in time 5.266 s
